<?xml version="1.0" encoding="UTF-8"?>
<testng-results ignored="0" total="1" passed="1" failed="0" skipped="0">
  <reporter-output>
  </reporter-output>
  <suite started-at="2024-03-21T10:09:05 EDT" name="Smoke Suite" finished-at="2024-03-21T10:09:07 EDT" duration-ms="2107">
    <groups>
    </groups>
    <test started-at="2024-03-21T10:09:05 EDT" name="Login functionality" finished-at="2024-03-21T10:09:07 EDT" duration-ms="2107">
      <class name="org.GIT.tests.login.ValidateLoginAPI_Functionality">
        <test-method is-config="true" signature="beforeSuite()[pri:0, instance:org.GIT.tests.login.ValidateLoginAPI_Functionality@4b0b0854]" started-at="2024-03-21T10:09:05 EDT" name="beforeSuite" finished-at="2024-03-21T10:09:05 EDT" duration-ms="46" status="PASS">
          <reporter-output>
          </reporter-output>
        </test-method> <!-- beforeSuite -->
        <test-method is-config="true" signature="beforeClass()[pri:0, instance:org.GIT.tests.login.ValidateLoginAPI_Functionality@4b0b0854]" started-at="2024-03-21T10:09:05 EDT" name="beforeClass" finished-at="2024-03-21T10:09:06 EDT" duration-ms="517" status="PASS">
          <reporter-output>
          </reporter-output>
        </test-method> <!-- beforeClass -->
        <test-method signature="validateLoginWithValidCredentials()[pri:0, instance:org.GIT.tests.login.ValidateLoginAPI_Functionality@4b0b0854]" started-at="2024-03-21T10:09:06 EDT" name="validateLoginWithValidCredentials" description="validate login functionality with valid credentials" finished-at="2024-03-21T10:09:07 EDT" duration-ms="1364" status="PASS">
          <reporter-output>
          </reporter-output>
        </test-method> <!-- validateLoginWithValidCredentials -->
      </class> <!-- org.GIT.tests.login.ValidateLoginAPI_Functionality -->
    </test> <!-- Login functionality -->
  </suite> <!-- Smoke Suite -->
</testng-results>
